g:\v12.1_projects\misty_encryption_v12.1\misty_encryption_workspace\bin\bin_x64\application.lib
g:\v12.1_projects\misty_encryption_v12.1\misty_encryption_workspace\bin\bin_x64\application.exp
g:\v12.1_projects\misty_encryption_v12.1\misty_encryption_workspace\src\simulation\application\x64\debug\vc142.pdb
g:\v12.1_projects\misty_encryption_v12.1\misty_encryption_workspace\src\simulation\application\x64\debug\vc142.idb
g:\v12.1_projects\misty_encryption_v12.1\misty_encryption_workspace\src\simulation\application\x64\debug\randomnumber.obj
g:\v12.1_projects\misty_encryption_v12.1\misty_encryption_workspace\src\simulation\application\x64\debug\multicast.obj
g:\v12.1_projects\misty_encryption_v12.1\misty_encryption_workspace\src\simulation\application\x64\debug\misty_run.obj
g:\v12.1_projects\misty_encryption_v12.1\misty_encryption_workspace\src\simulation\application\x64\debug\misty1.obj
g:\v12.1_projects\misty_encryption_v12.1\misty_encryption_workspace\src\simulation\application\x64\debug\encryption.obj
g:\v12.1_projects\misty_encryption_v12.1\misty_encryption_workspace\src\simulation\application\x64\debug\emulation_application.obj
g:\v12.1_projects\misty_encryption_v12.1\misty_encryption_workspace\src\simulation\application\x64\debug\distribution.obj
g:\v12.1_projects\misty_encryption_v12.1\misty_encryption_workspace\src\simulation\application\x64\debug\des_run.obj
g:\v12.1_projects\misty_encryption_v12.1\misty_encryption_workspace\src\simulation\application\x64\debug\des.obj
g:\v12.1_projects\misty_encryption_v12.1\misty_encryption_workspace\src\simulation\application\x64\debug\database_ftp_custom.obj
g:\v12.1_projects\misty_encryption_v12.1\misty_encryption_workspace\src\simulation\application\x64\debug\coap.obj
g:\v12.1_projects\misty_encryption_v12.1\misty_encryption_workspace\src\simulation\application\x64\debug\bsm.obj
g:\v12.1_projects\misty_encryption_v12.1\misty_encryption_workspace\src\simulation\application\x64\debug\app_out.obj
g:\v12.1_projects\misty_encryption_v12.1\misty_encryption_workspace\src\simulation\application\x64\debug\application.obj
g:\v12.1_projects\misty_encryption_v12.1\misty_encryption_workspace\src\simulation\application\x64\debug\aes_run.obj
g:\v12.1_projects\misty_encryption_v12.1\misty_encryption_workspace\src\simulation\application\x64\debug\aes.obj
g:\v12.1_projects\misty_encryption_v12.1\misty_encryption_workspace\bin\bin_x64\libapplication.dll
g:\v12.1_projects\misty_encryption_v12.1\misty_encryption_workspace\bin\bin_x64\application.pdb
d:\misty_encryption_v12.1\misty_encryption_workspace\src\simulation\application\x64\debug\aes.obj
d:\misty_encryption_v12.1\misty_encryption_workspace\src\simulation\application\x64\debug\aes_run.obj
d:\misty_encryption_v12.1\misty_encryption_workspace\src\simulation\application\x64\debug\application.obj
d:\misty_encryption_v12.1\misty_encryption_workspace\src\simulation\application\x64\debug\app_out.obj
d:\misty_encryption_v12.1\misty_encryption_workspace\src\simulation\application\x64\debug\bsm.obj
d:\misty_encryption_v12.1\misty_encryption_workspace\src\simulation\application\x64\debug\coap.obj
d:\misty_encryption_v12.1\misty_encryption_workspace\src\simulation\application\x64\debug\database_ftp_custom.obj
d:\misty_encryption_v12.1\misty_encryption_workspace\src\simulation\application\x64\debug\des.obj
d:\misty_encryption_v12.1\misty_encryption_workspace\src\simulation\application\x64\debug\des_run.obj
d:\misty_encryption_v12.1\misty_encryption_workspace\src\simulation\application\x64\debug\distribution.obj
d:\misty_encryption_v12.1\misty_encryption_workspace\src\simulation\application\x64\debug\emulation_application.obj
d:\misty_encryption_v12.1\misty_encryption_workspace\src\simulation\application\x64\debug\encryption.obj
d:\misty_encryption_v12.1\misty_encryption_workspace\src\simulation\application\x64\debug\misty1.obj
d:\misty_encryption_v12.1\misty_encryption_workspace\src\simulation\application\x64\debug\misty_run.obj
d:\misty_encryption_v12.1\misty_encryption_workspace\src\simulation\application\x64\debug\multicast.obj
d:\misty_encryption_v12.1\misty_encryption_workspace\src\simulation\application\x64\debug\randomnumber.obj
d:\misty_encryption_v12.1\misty_encryption_workspace\src\simulation\application\x64\debug\vc142.idb
d:\misty_encryption_v12.1\misty_encryption_workspace\src\simulation\application\x64\debug\vc142.pdb
d:\misty_encryption_v12.1\misty_encryption_workspace\src\simulation\application\x64\debug\application.tlog\application.write.1u.tlog
d:\misty_encryption_v12.1\misty_encryption_workspace\src\simulation\application\x64\debug\application.tlog\cl.command.1.tlog
d:\misty_encryption_v12.1\misty_encryption_workspace\src\simulation\application\x64\debug\application.tlog\cl.read.1.tlog
d:\misty_encryption_v12.1\misty_encryption_workspace\src\simulation\application\x64\debug\application.tlog\cl.write.1.tlog
d:\misty_encryption_v12.1\misty_encryption_workspace\src\simulation\application\x64\debug\application.tlog\link.command.1.tlog
d:\misty_encryption_v12.1\misty_encryption_workspace\src\simulation\application\x64\debug\application.tlog\link.read.1.tlog
d:\misty_encryption_v12.1\misty_encryption_workspace\src\simulation\application\x64\debug\application.tlog\link.write.1.tlog
