g:\v12.1_projects\misty_encryption_v12.1\misty_encryption_workspace\src\simulation\ip\x64\debug\vc142.pdb
g:\v12.1_projects\misty_encryption_v12.1\misty_encryption_workspace\src\simulation\ip\x64\debug\vc142.idb
g:\v12.1_projects\misty_encryption_v12.1\misty_encryption_workspace\src\simulation\ip\x64\debug\pim_route_msg.obj
g:\v12.1_projects\misty_encryption_v12.1\misty_encryption_workspace\src\simulation\ip\x64\debug\pim_route.obj
g:\v12.1_projects\misty_encryption_v12.1\misty_encryption_workspace\src\simulation\ip\x64\debug\pim_print.obj
g:\v12.1_projects\misty_encryption_v12.1\misty_encryption_workspace\src\simulation\ip\x64\debug\pim_neighbor.obj
g:\v12.1_projects\misty_encryption_v12.1\misty_encryption_workspace\src\simulation\ip\x64\debug\pim_msg.obj
g:\v12.1_projects\misty_encryption_v12.1\misty_encryption_workspace\src\simulation\ip\x64\debug\pim_join.obj
g:\v12.1_projects\misty_encryption_v12.1\misty_encryption_workspace\src\simulation\ip\x64\debug\pim_hello.obj
g:\v12.1_projects\misty_encryption_v12.1\misty_encryption_workspace\src\simulation\ip\x64\debug\pim_group.obj
g:\v12.1_projects\misty_encryption_v12.1\misty_encryption_workspace\src\simulation\ip\x64\debug\pim_config.obj
g:\v12.1_projects\misty_encryption_v12.1\misty_encryption_workspace\src\simulation\ip\x64\debug\nat.obj
g:\v12.1_projects\misty_encryption_v12.1\misty_encryption_workspace\src\simulation\ip\x64\debug\multicast.obj
g:\v12.1_projects\misty_encryption_v12.1\misty_encryption_workspace\src\simulation\ip\x64\debug\ip_utility.obj
g:\v12.1_projects\misty_encryption_v12.1\misty_encryption_workspace\src\simulation\ip\x64\debug\ip_routing.obj
g:\v12.1_projects\misty_encryption_v12.1\misty_encryption_workspace\src\simulation\ip\x64\debug\ip.obj
g:\v12.1_projects\misty_encryption_v12.1\misty_encryption_workspace\src\simulation\ip\x64\debug\igmp_router.obj
g:\v12.1_projects\misty_encryption_v12.1\misty_encryption_workspace\src\simulation\ip\x64\debug\igmp_msg.obj
g:\v12.1_projects\misty_encryption_v12.1\misty_encryption_workspace\src\simulation\ip\x64\debug\igmp_host.obj
g:\v12.1_projects\misty_encryption_v12.1\misty_encryption_workspace\src\simulation\ip\x64\debug\igmp.obj
g:\v12.1_projects\misty_encryption_v12.1\misty_encryption_workspace\src\simulation\ip\x64\debug\icmp.obj
g:\v12.1_projects\misty_encryption_v12.1\misty_encryption_workspace\src\simulation\ip\x64\debug\dns.obj
g:\v12.1_projects\misty_encryption_v12.1\misty_encryption_workspace\src\simulation\ip\x64\debug\vpn.obj
g:\v12.1_projects\misty_encryption_v12.1\misty_encryption_workspace\src\simulation\ip\x64\debug\pim_sm.obj
g:\v12.1_projects\misty_encryption_v12.1\misty_encryption_workspace\bin\bin_x64\ip.lib
g:\v12.1_projects\misty_encryption_v12.1\misty_encryption_workspace\bin\bin_x64\ip.exp
g:\v12.1_projects\misty_encryption_v12.1\misty_encryption_workspace\bin\bin_x64\libip.dll
g:\v12.1_projects\misty_encryption_v12.1\misty_encryption_workspace\bin\bin_x64\ip.pdb
d:\misty_encryption_v12.1\misty_encryption_workspace\src\simulation\ip\x64\debug\dns.obj
d:\misty_encryption_v12.1\misty_encryption_workspace\src\simulation\ip\x64\debug\icmp.obj
d:\misty_encryption_v12.1\misty_encryption_workspace\src\simulation\ip\x64\debug\igmp.obj
d:\misty_encryption_v12.1\misty_encryption_workspace\src\simulation\ip\x64\debug\igmp_host.obj
d:\misty_encryption_v12.1\misty_encryption_workspace\src\simulation\ip\x64\debug\igmp_msg.obj
d:\misty_encryption_v12.1\misty_encryption_workspace\src\simulation\ip\x64\debug\igmp_router.obj
d:\misty_encryption_v12.1\misty_encryption_workspace\src\simulation\ip\x64\debug\ip.obj
d:\misty_encryption_v12.1\misty_encryption_workspace\src\simulation\ip\x64\debug\ip_routing.obj
d:\misty_encryption_v12.1\misty_encryption_workspace\src\simulation\ip\x64\debug\ip_utility.obj
d:\misty_encryption_v12.1\misty_encryption_workspace\src\simulation\ip\x64\debug\multicast.obj
d:\misty_encryption_v12.1\misty_encryption_workspace\src\simulation\ip\x64\debug\nat.obj
d:\misty_encryption_v12.1\misty_encryption_workspace\src\simulation\ip\x64\debug\pim_config.obj
d:\misty_encryption_v12.1\misty_encryption_workspace\src\simulation\ip\x64\debug\pim_group.obj
d:\misty_encryption_v12.1\misty_encryption_workspace\src\simulation\ip\x64\debug\pim_hello.obj
d:\misty_encryption_v12.1\misty_encryption_workspace\src\simulation\ip\x64\debug\pim_join.obj
d:\misty_encryption_v12.1\misty_encryption_workspace\src\simulation\ip\x64\debug\pim_msg.obj
d:\misty_encryption_v12.1\misty_encryption_workspace\src\simulation\ip\x64\debug\pim_neighbor.obj
d:\misty_encryption_v12.1\misty_encryption_workspace\src\simulation\ip\x64\debug\pim_print.obj
d:\misty_encryption_v12.1\misty_encryption_workspace\src\simulation\ip\x64\debug\pim_route.obj
d:\misty_encryption_v12.1\misty_encryption_workspace\src\simulation\ip\x64\debug\pim_route_msg.obj
d:\misty_encryption_v12.1\misty_encryption_workspace\src\simulation\ip\x64\debug\pim_sm.obj
d:\misty_encryption_v12.1\misty_encryption_workspace\src\simulation\ip\x64\debug\vpn.obj
d:\misty_encryption_v12.1\misty_encryption_workspace\src\simulation\ip\x64\debug\vc142.idb
d:\misty_encryption_v12.1\misty_encryption_workspace\src\simulation\ip\x64\debug\vc142.pdb
d:\misty_encryption_v12.1\misty_encryption_workspace\src\simulation\ip\x64\debug\ip.tlog\cl.command.1.tlog
d:\misty_encryption_v12.1\misty_encryption_workspace\src\simulation\ip\x64\debug\ip.tlog\cl.read.1.tlog
d:\misty_encryption_v12.1\misty_encryption_workspace\src\simulation\ip\x64\debug\ip.tlog\cl.write.1.tlog
d:\misty_encryption_v12.1\misty_encryption_workspace\src\simulation\ip\x64\debug\ip.tlog\ip.write.1u.tlog
d:\misty_encryption_v12.1\misty_encryption_workspace\src\simulation\ip\x64\debug\ip.tlog\link.command.1.tlog
d:\misty_encryption_v12.1\misty_encryption_workspace\src\simulation\ip\x64\debug\ip.tlog\link.read.1.tlog
d:\misty_encryption_v12.1\misty_encryption_workspace\src\simulation\ip\x64\debug\ip.tlog\link.write.1.tlog
